*** Using Compiler 'V6.19', folder: 'C:\Program Files\Arm\ARM\ARMCLANG\Bin'
Rebuild target 'jixianduikang'
assembling startup_stm32f103xe.s...
compiling gpio.c...
compiling stm32f1xx_hal_gpio_ex.c...
compiling main.c...
compiling tim.c...
compiling dma.c...
compiling stm32f1xx_hal_msp.c...
compiling stm32f1xx_hal_dma.c...
compiling stm32f1xx_hal_gpio.c...
compiling stm32f1xx_it.c...
compiling usart.c...
compiling stm32f1xx_hal_rcc_ex.c...
compiling stm32f1xx_hal.c...
compiling stm32f1xx_hal_cortex.c...
compiling stm32f1xx_hal_tim_ex.c...
compiling stm32f1xx_hal_pwr.c...
compiling stm32f1xx_hal_flash.c...
compiling stm32f1xx_hal_rcc.c...
compiling system_stm32f1xx.c...
compiling bsp_tim.c...
compiling stm32f1xx_hal_exti.c...
compiling stm32f1xx_hal_flash_ex.c...
compiling bsp_uart.c...
compiling motor.c...
compiling pid.c...
compiling stm32f1xx_hal_uart.c...
compiling stm32f1xx_hal_tim.c...
linking...
Program Size: Code=14990 RO-data=378 RW-data=12 ZI-data=2076  
FromELF: creating hex file...
"jixianduikang\jixianduikang.axf" - 0 Error(s), 0 Warning(s).
Build Time Elapsed:  00:00:02
